[22:30:08] [ServerMain/INFO]: [bootstrap] Running Java 21 (OpenJDK 64-Bit Server VM 21.0.7+6-Ubuntu-0ubuntu120.04; Ubuntu null) on Linux 6.8.0-1027-azure (amd64)
[22:30:08] [ServerMain/INFO]: [bootstrap] Loading Paper 1.21-130-master@b1b5d4c (2024-08-10T10:02:42Z) for Minecraft 1.21
[22:30:08] [ServerMain/INFO]: [PluginInitializerManager] Initializing plugins...
[22:30:08] [ServerMain/INFO]: [PluginInitializerManager] Initialized 0 plugins
[22:30:09] [Paper Plugin Remapper Thread - 1/INFO]: [ReobfServer] Remapping server...
[22:30:15] [ServerMain/INFO]: Environment: Environment[sessionHost=https://sessionserver.mojang.com, servicesHost=https://api.minecraftservices.com, name=PROD]
[22:30:15] [ServerMain/INFO]: Found new data pack file/bukkit, loading it automatically
[22:30:15] [ServerMain/INFO]: Found new data pack paper, loading it automatically
[22:30:17] [ServerMain/INFO]: No existing world data, creating new world
[22:30:17] [Paper Plugin Remapper Thread - 1/INFO]: [ReobfServer] Done remapping server in 8402ms.
[22:30:18] [ServerMain/INFO]: Loaded 1290 recipes
[22:30:18] [ServerMain/INFO]: Loaded 1399 advancements
[22:30:18] [Server thread/INFO]: Starting minecraft server version 1.21
[22:30:18] [Server thread/INFO]: Loading properties
[22:30:18] [Server thread/INFO]: This server is running Paper version 1.21-130-master@b1b5d4c (2024-08-10T10:02:42Z) (Implementing API version 1.21-R0.1-SNAPSHOT)
[22:30:19] [Server thread/INFO]: [spark] This server bundles the spark profiler. For more information please visit https://docs.papermc.io/paper/profiling
[22:30:19] [Server thread/INFO]: Server Ping Player Sample Count: 12
[22:30:19] [Server thread/INFO]: Using 4 threads for Netty based IO
[22:30:20] [Server thread/INFO]: [ChunkTaskScheduler] Chunk system is using 1 I/O threads, 1 worker threads, and population gen parallelism of 1 threads
[22:30:20] [Server thread/INFO]: Default game type: SURVIVAL
[22:30:20] [Server thread/INFO]: Generating keypair
[22:30:20] [Server thread/INFO]: Starting Minecraft server on *:25565
[22:30:20] [Server thread/INFO]: Using epoll channel type
[22:30:20] [Server thread/INFO]: Paper: Using libdeflate (Linux x86_64) compression from Velocity.
[22:30:20] [Server thread/INFO]: Paper: Using OpenSSL 1.1.x (Linux x86_64) cipher from Velocity.
[22:30:20] [Server thread/WARN]: **** SERVER IS RUNNING IN OFFLINE/INSECURE MODE!
[22:30:20] [Server thread/WARN]: The server will make no attempt to authenticate usernames. Beware.
[22:30:20] [Server thread/WARN]: While this makes the game possible to play without internet access, it also opens up the ability for hackers to connect with any username they choose.
[22:30:20] [Server thread/WARN]: To change this, set "online-mode" to "true" in the server.properties file.
[22:30:20] [Server thread/INFO]: Preparing level "world"
[22:30:34] [Server thread/INFO]: Preparing start region for dimension minecraft:overworld
[22:30:40] [Server thread/INFO]: Time elapsed: 6149 ms
[22:30:40] [Server thread/INFO]: Preparing start region for dimension minecraft:the_nether
[22:30:42] [Server thread/INFO]: Time elapsed: 1913 ms
[22:30:42] [Server thread/INFO]: Preparing start region for dimension minecraft:the_end
[22:30:42] [Server thread/INFO]: Time elapsed: 615 ms
[22:30:43] [Server thread/INFO]: [spark] Starting background profiler...
[22:30:43] [Server thread/INFO]: Done preparing level "world" (22.577s)
[22:30:43] [Server thread/INFO]: Running delayed init tasks
[22:30:43] [Server thread/INFO]: Done (35.376s)! For help, type "help"
[22:30:43] [Server thread/INFO]: *************************************************************************************
[22:30:43] [Server thread/INFO]: This is the first time you're starting this server.
[22:30:43] [Server thread/INFO]: It's recommended you read our 'Getting Started' documentation for guidance.
[22:30:43] [Server thread/INFO]: View this and more helpful information here: https://docs.papermc.io/paper/next-steps
[22:30:43] [Server thread/INFO]: *************************************************************************************
[22:30:43] [Server thread/INFO]: Timings Reset
